Arguments: 
  /usr/bin/node /usr/share/yarn/bin/yarn.js init

PATH: 
  /home/ashugreenworld/bin:/home/ashugreenworld/.local/bin:/usr/local/sbin:/usr/local/bin:/usr/sbin:/usr/bin:/sbin:/bin:/usr/games:/usr/local/games:/snap/bin

Yarn version: 
  1.3.2

Node version: 
  9.2.1

Platform: 
  linux x64

npm manifest: 
  {
    "name": "travel_planner",
    "version": "1.0.0",
    "description": "Web application for planning travel",
    "main": "server.js",
    "repository": "git@git.toptal.com:Ashutosh-Tripathy/ashutosh-tripathy.git",
    "author": "Ashutosh Triathy",
    "license": "MIT",
    "scripts": {
      "dev": "NODE_PATH=./ pm2 start --interpreter babel-node server.js --watch",
      "start": "npm-run-all --parallel dev",
      "webpack": "webpack -wd",
      "test": "jest --watch"
    },
    "private": true,
    "dependencies": {
      "babel-cli": "^6.26.0",
      "babel-polyfill": "^6.26.0",
      "express": "^4.16.2",
      "npm-run-all": "^4.1.2",
      "pm2": "^2.8.0",
      "webpack": "^3.10.0"
    },
    "devDependencies": {
      "babel-preset-es2015": "^6.24.1",
      "eslint": "^4.13.0",
      "eslint-plugin-import": "^2.8.0",
      "eslint-watch": "^3.1.3",
      "jest": "^21.2.1"
    }
  }

yarn manifest: 
  No manifest

Lockfile: 
  No lockfile

Trace: 
  Error: canceled
      at Interface.<anonymous> (/usr/share/yarn/lib/cli.js:121045:13)
      at Interface.emit (events.js:159:13)
      at Interface._ttyWrite (readline.js:786:16)
      at ReadStream.onkeypress (readline.js:165:10)
      at ReadStream.emit (events.js:159:13)
      at emitKeys (internal/readline.js:420:14)
      at emitKeys.next (<anonymous>)
      at ReadStream.onData (readline.js:1022:36)
      at ReadStream.emit (events.js:159:13)
      at addChunk (_stream_readable.js:265:12)
